
> pro-api-sdk@1.3.2 build
> npm run compile:iframe && npm run compile && ts-node ./build/packaged.ts


> pro-api-sdk@1.3.2 compile:iframe
> ts-node ./iframe/prebuild-vectors.ts && ts-node ./iframe/build.ts

【Docs】 找到 2772 个文档
 切分为 9190 个文档块
 加载 Embedding 模型...
  向量化进度: 8/9190
  向量化进度: 16/9190
  向量化进度: 24/9190
  向量化进度: 32/9190
  向量化进度: 40/9190
  向量化进度: 48/9190
  向量化进度: 56/9190
  向量化进度: 64/9190
  向量化进度: 72/9190
  向量化进度: 80/9190
  向量化进度: 88/9190
  向量化进度: 96/9190
  向量化进度: 104/9190
  向量化进度: 112/9190
  向量化进度: 120/9190
  向量化进度: 128/9190
  向量化进度: 136/9190
  向量化进度: 144/9190
  向量化进度: 152/9190
  向量化进度: 160/9190
  向量化进度: 168/9190
  向量化进度: 176/9190
  向量化进度: 184/9190
